2019-09-29T03:25:36.433Z - normal: Load ~/.CocosCreator/settings.json
2019-09-29T03:25:36.504Z - normal: Initializing Asset Database
2019-09-29T03:25:36.506Z - normal: checking language setting...
2019-09-29T03:25:36.506Z - normal: Language: zh
2019-09-29T03:25:37.424Z - success: preview server running at http://localhost:7456
2019-09-29T03:25:37.469Z - success: protocol editor-framework registered
2019-09-29T03:25:37.469Z - success: protocol app registered
2019-09-29T03:25:37.469Z - success: protocol theme registered
2019-09-29T03:25:37.469Z - success: protocol packages registered
2019-09-29T03:25:37.469Z - success: protocol uuid registerred
2019-09-29T03:25:37.470Z - success: protocol db registerred
2019-09-29T03:25:37.470Z - success: protocol thumbnail registerred
2019-09-29T03:25:37.470Z - success: protocol unpack registerred
2019-09-29T03:25:37.470Z - success: protocol disable-commonjs registerred
2019-09-29T03:25:37.652Z - normal: connected!
2019-09-29T03:25:37.654Z - normal: Check project /Users/diggmind/cocos/star.player
2019-09-29T03:25:37.655Z - normal: Initializing project /Users/diggmind/cocos/star.player
2019-09-29T03:25:38.151Z - normal: Initializing Cocos2d
2019-09-29T03:25:39.134Z - normal: Initializing engine extends
2019-09-29T03:25:39.189Z - success: asset-db-debugger loaded
2019-09-29T03:25:39.190Z - success: baidu-adapter loaded
2019-09-29T03:25:39.191Z - success: color-picker loaded
2019-09-29T03:25:39.334Z - success: fb-audience-network loaded
2019-09-29T03:25:39.444Z - success: fb-live-stream loaded
2019-09-29T03:25:39.451Z - success: google-play-instant loaded
2019-09-29T03:25:39.460Z - success: huawei-runtime loaded
2019-09-29T03:25:39.795Z - success: cpk-publish loaded
2019-09-29T03:25:39.796Z - success: jsb-adapter loaded
2019-09-29T03:25:39.802Z - success: oppo-runtime loaded
2019-09-29T03:25:39.813Z - success: package-manager loaded
2019-09-29T03:25:39.965Z - success: qqplay-adapter loaded
2019-09-29T03:25:39.968Z - success: runtime-dev-tools loaded
2019-09-29T03:25:39.979Z - success: sdkbox loaded
2019-09-29T03:25:39.990Z - success: tester loaded
2019-09-29T03:25:40.000Z - success: ui-grid loaded
2019-09-29T03:25:40.009Z - success: ui-kit-preview-extra loaded
2019-09-29T03:25:40.019Z - success: ui-kit-preview loaded
2019-09-29T03:25:40.028Z - success: ui-kit loaded
2019-09-29T03:25:40.040Z - success: ui-tree loaded
2019-09-29T03:25:40.048Z - success: vivo-runtime loaded
2019-09-29T03:25:40.049Z - success: weapp-adapter loaded
2019-09-29T03:25:40.050Z - success: xiaomi-adapter loaded
2019-09-29T03:25:40.115Z - success: assets loaded
2019-09-29T03:25:40.127Z - success: builder loaded
2019-09-29T03:25:40.481Z - success: cocos-services loaded
2019-09-29T03:25:40.495Z - success: console loaded
2019-09-29T03:25:40.530Z - success: fb-instant-games loaded
2019-09-29T03:25:40.542Z - success: game-window loaded
2019-09-29T03:25:40.544Z - success: google-instant-games loaded
2019-09-29T03:25:40.555Z - success: hierarchy loaded
2019-09-29T03:25:40.566Z - success: inspector loaded
2019-09-29T03:25:40.568Z - success: keystore loaded
2019-09-29T03:25:40.580Z - success: node-library loaded
2019-09-29T03:25:40.581Z - success: package-asset loaded
2019-09-29T03:25:40.583Z - success: preferences loaded
2019-09-29T03:25:40.592Z - success: project-exporter loaded
2019-09-29T03:25:40.605Z - success: project-importer loaded
2019-09-29T03:25:40.616Z - success: project-settings loaded
2019-09-29T03:25:40.633Z - success: scene loaded
2019-09-29T03:25:40.635Z - success: simulator-debugger loaded
2019-09-29T03:25:40.637Z - success: sprite-editor loaded
2019-09-29T03:25:40.648Z - success: store loaded
2019-09-29T03:25:40.664Z - success: timeline loaded
2019-09-29T03:25:40.669Z - success: xiaomi-runtime loaded
2019-09-29T03:25:42.749Z - info: Cocos Services load base data!
2019-09-29T03:25:47.364Z - normal: Loading packages
2019-09-29T03:25:47.371Z - normal: Watching packages
2019-09-29T03:25:47.488Z - normal: Run Application
2019-09-29T03:26:40.696Z - success: VS Code extension installed to /Users/diggmind/.vscode/extensions
2019-09-29T03:27:38.005Z - success: VS Code extension installed to /Users/diggmind/.vscode/extensions
2019-09-29T03:29:14.139Z - success: API data generated and copied to /Users/diggmind/cocos/star.player/creator.d.ts
2019-09-29T03:38:23.880Z - success: Compiling task has been added to .vscode/tasks.json, please run "compile" task in VS Code to trigger compile in Cocos Creator.
2019-09-29T08:01:14.103Z - info: shutdown preview server
